/*C1*/SET SCHEMA SYSTEM_LOBS
INSERT INTO BLOCKS VALUES(0,2147483647,0)
COMMIT
/*C2*/SET SCHEMA PUBLIC
CREATE TABLE Produto (id INTEGER GENERATED BY DEFAULT AS IDENTITY PRIMARY KEY, nome VARCHAR(255), descricao VARCHAR(255))
INSERT INTO PRODUTO VALUES(1,'Celular','Dual chip')
COMMIT
INSERT INTO PRODUTO VALUES(2,'Notebook','Dell')
COMMIT
/*C3*/SET SCHEMA PUBLIC
DISCONNECT
/*C4*/SET SCHEMA PUBLIC
DISCONNECT
/*C5*/SET SCHEMA PUBLIC
DISCONNECT
/*C6*/SET SCHEMA PUBLIC
DISCONNECT
/*C7*/SET SCHEMA PUBLIC
INSERT INTO PRODUTO VALUES(3,'Iphone','Iphone 6')
COMMIT
DISCONNECT
/*C8*/SET SCHEMA PUBLIC
INSERT INTO PRODUTO VALUES(4,'Iphone','Iphone 6')
COMMIT
DISCONNECT
/*C9*/SET SCHEMA PUBLIC
DELETE FROM PRODUTO WHERE ID=4
COMMIT
DISCONNECT
/*C10*/SET SCHEMA PUBLIC
DISCONNECT
/*C11*/SET SCHEMA PUBLIC
DISCONNECT
/*C12*/SET SCHEMA PUBLIC
DISCONNECT
/*C13*/SET SCHEMA PUBLIC
INSERT INTO PRODUTO VALUES(5,'Notebook','Processador i5')
COMMIT
DISCONNECT
/*C14*/SET SCHEMA PUBLIC
INSERT INTO PRODUTO VALUES(6,'TV LCD','32 Polegadas')
COMMIT
INSERT INTO PRODUTO VALUES(7,'Caixa de Som','Tamanho m\u00e9dio')
COMMIT
DISCONNECT
/*C2*/DELETE FROM PRODUTO WHERE ID=6
DELETE FROM PRODUTO WHERE ID=7
COMMIT
/*C15*/SET SCHEMA PUBLIC
INSERT INTO PRODUTO VALUES(8,'TV LCD','32 Polegadas')
COMMIT
DISCONNECT
/*C16*/SET SCHEMA PUBLIC
DISCONNECT
/*C2*/DELETE FROM PRODUTO WHERE ID=8
COMMIT
/*C17*/SET SCHEMA PUBLIC
DISCONNECT
/*C18*/SET SCHEMA PUBLIC
DISCONNECT
/*C19*/SET SCHEMA PUBLIC
DISCONNECT
/*C20*/SET SCHEMA PUBLIC
INSERT INTO PRODUTO VALUES(11,'Mesa de madeira','Quatro cadeiras')
COMMIT
SET SCHEMA PUBLIC
DISCONNECT
/*C2*/DELETE FROM PRODUTO WHERE ID=11
COMMIT
/*C21*/SET SCHEMA PUBLIC
INSERT INTO PRODUTO VALUES(12,'Mesa de madeira','Quatro cadeiras')
COMMIT
SET SCHEMA PUBLIC
DISCONNECT
/*C22*/SET SCHEMA PUBLIC
INSERT INTO PRODUTO VALUES(13,'Mesa de madeira','Quatro cadeiras')
COMMIT
SET SCHEMA PUBLIC
DISCONNECT
/*C23*/SET SCHEMA PUBLIC
INSERT INTO PRODUTO VALUES(14,'Mesa de madeira','Quatro cadeiras')
COMMIT
SET SCHEMA PUBLIC
DISCONNECT
/*C24*/SET SCHEMA PUBLIC
INSERT INTO PRODUTO VALUES(15,'Mesa de madeira','Quatro cadeiras')
COMMIT
SET SCHEMA PUBLIC
DISCONNECT
/*C25*/SET SCHEMA PUBLIC
INSERT INTO PRODUTO VALUES(16,'Mesa de madeira','Quatro cadeiras')
COMMIT
SET SCHEMA PUBLIC
DISCONNECT
/*C26*/SET SCHEMA PUBLIC
INSERT INTO PRODUTO VALUES(17,'Mesa de madeira','Quatro cadeiras')
COMMIT
SET SCHEMA PUBLIC
DISCONNECT
/*C27*/SET SCHEMA PUBLIC
INSERT INTO PRODUTO VALUES(18,'Mesa de madeira','Quatro cadeiras')
COMMIT
SET SCHEMA PUBLIC
DISCONNECT
/*C28*/SET SCHEMA PUBLIC
INSERT INTO PRODUTO VALUES(19,'Mesa de madeira','Quatro cadeiras')
COMMIT
SET SCHEMA PUBLIC
DISCONNECT
/*C29*/SET SCHEMA PUBLIC
INSERT INTO PRODUTO VALUES(20,'Mesa de madeira','Quatro cadeiras')
COMMIT
SET SCHEMA PUBLIC
DISCONNECT
/*C30*/SET SCHEMA PUBLIC
INSERT INTO PRODUTO VALUES(21,'Mesa de madeira','Quatro cadeiras')
COMMIT
SET SCHEMA PUBLIC
DISCONNECT
/*C31*/SET SCHEMA PUBLIC
INSERT INTO PRODUTO VALUES(22,'Mesa de madeira','Quatro cadeiras')
COMMIT
SET SCHEMA PUBLIC
DISCONNECT
/*C32*/SET SCHEMA PUBLIC
INSERT INTO PRODUTO VALUES(23,'Mesa de madeira','Quatro cadeiras')
COMMIT
SET SCHEMA PUBLIC
DISCONNECT
/*C2*/DELETE FROM PRODUTO WHERE ID=13
DELETE FROM PRODUTO WHERE ID=14
DELETE FROM PRODUTO WHERE ID=15
DELETE FROM PRODUTO WHERE ID=16
DELETE FROM PRODUTO WHERE ID=17
DELETE FROM PRODUTO WHERE ID=18
DELETE FROM PRODUTO WHERE ID=19
DELETE FROM PRODUTO WHERE ID=20
DELETE FROM PRODUTO WHERE ID=21
DELETE FROM PRODUTO WHERE ID=22
DELETE FROM PRODUTO WHERE ID=23
COMMIT
/*C33*/SET SCHEMA PUBLIC
INSERT INTO PRODUTO VALUES(24,'Mesa de madeira','Quatro cadeiras')
COMMIT
SET SCHEMA PUBLIC
DISCONNECT
/*C2*/DELETE FROM PRODUTO WHERE ID=24
COMMIT
/*C34*/SET SCHEMA PUBLIC
INSERT INTO PRODUTO VALUES(25,'XBOX','360')
COMMIT
SET SCHEMA PUBLIC
DISCONNECT
/*C35*/SET SCHEMA PUBLIC
DISCONNECT
/*C36*/SET SCHEMA PUBLIC
INSERT INTO PRODUTO VALUES(26,'Ipod','Preto')
COMMIT
SET SCHEMA PUBLIC
DISCONNECT
/*C2*/DELETE FROM PRODUTO WHERE ID=25
DELETE FROM PRODUTO WHERE ID=26
COMMIT
/*C37*/SET SCHEMA PUBLIC
INSERT INTO PRODUTO VALUES(27,'XBOX','360')
COMMIT
SET SCHEMA PUBLIC
DISCONNECT
/*C2*/DELETE FROM PRODUTO WHERE ID=27
COMMIT
/*C38*/SET SCHEMA PUBLIC
INSERT INTO PRODUTO VALUES(28,'XBOX','360')
COMMIT
SET SCHEMA PUBLIC
DISCONNECT
/*C2*/DELETE FROM PRODUTO WHERE ID=28
COMMIT
/*C39*/SET SCHEMA PUBLIC
INSERT INTO PRODUTO VALUES(29,'XBOX','360')
COMMIT
SET SCHEMA PUBLIC
DISCONNECT
/*C2*/DELETE FROM PRODUTO WHERE ID=29
COMMIT
/*C40*/SET SCHEMA PUBLIC
INSERT INTO PRODUTO VALUES(30,'XBOX','360')
COMMIT
SET SCHEMA PUBLIC
DISCONNECT
/*C2*/DISCONNECT
